\BOOKMARK [1][-]{Doc-Start}{\376\377\144\130\211\201}{}% 1
\BOOKMARK [1][-]{section.1}{\376\377\137\025\212\000}{}% 2
\BOOKMARK [2][-]{subsection.1.1}{\376\377\170\024\172\166\200\314\146\157}{section.1}% 3
\BOOKMARK [2][-]{subsection.1.2}{\376\377\133\236\232\214\166\356\150\007}{section.1}% 4
\BOOKMARK [1][-]{section.2}{\376\377\000C\000H\000S\000H\000\040\133\236\232\214\123\237\164\006}{}% 5
\BOOKMARK [2][-]{subsection.2.1}{\376\377\133\236\232\214\213\276\177\156}{section.2}% 6
\BOOKMARK [2][-]{subsection.2.2}{\376\377\121\163\200\124\121\375\145\160\000\040\000E}{section.2}% 7
\BOOKMARK [2][-]{subsection.2.3}{\376\377\000C\000H\000S\000H\000\040\123\302\145\160\000\040\000S}{section.2}% 8
\BOOKMARK [2][-]{subsection.2.4}{\376\377\176\317\121\170\116\012\165\114\166\204\143\250\133\374}{section.2}% 9
\BOOKMARK [2][-]{subsection.2.5}{\376\377\221\317\133\120\122\233\133\146\230\204\212\000}{section.2}% 10
\BOOKMARK [1][-]{section.3}{\376\377\221\317\133\120\152\041\127\213\116\016\155\113\221\317\176\246\133\232}{}% 11
\BOOKMARK [2][-]{subsection.3.1}{\376\377\000B\000e\000l\000l\000\040\140\001}{section.3}% 12
\BOOKMARK [2][-]{subsection.3.2}{\376\377\120\117\143\057\155\113\221\317\127\372}{section.3}% 13
\BOOKMARK [2][-]{subsection.3.3}{\376\377\000v\000i\000s\000i\000b\000i\000l\000i\000t\000y\000\040\126\152\130\360\152\041\127\213}{section.3}% 14
\BOOKMARK [2][-]{subsection.3.4}{\376\377\116\377\167\037\116\055\166\204\155\113\221\317\176\246\133\232}{section.3}% 15
\BOOKMARK [1][-]{section.4}{\376\377\172\013\136\217\133\236\163\260}{}% 16
\BOOKMARK [2][-]{subsection.4.1}{\376\377\133\236\163\260\155\101\172\013}{section.4}% 17
\BOOKMARK [2][-]{subsection.4.2}{\376\377\220\020\000\040\000s\000h\000o\000t\000\040\142\225\137\161\155\113\221\317}{section.4}% 18
\BOOKMARK [2][-]{subsection.4.3}{\376\377\133\236\232\214\213\276\213\241}{section.4}% 19
\BOOKMARK [1][-]{section.5}{\376\377\133\236\232\214\176\323\147\234\116\016\122\006\147\220}{}% 20
\BOOKMARK [2][-]{subsection.5.1}{\376\377\236\330\213\244\000\040\000C\000H\000S\000H\000\040\133\236\232\214}{section.5}% 21
\BOOKMARK [2][-]{subsection.5.2}{\376\377\000s\000h\000o\000t\000s\000\040\145\066\145\133\133\236\232\214}{section.5}% 22
\BOOKMARK [2][-]{subsection.5.3}{\376\377\126\333\116\052\000\040\000B\000e\000l\000l\000\040\140\001\166\204\153\324\217\203}{section.5}% 23
\BOOKMARK [2][-]{subsection.5.4}{\376\377\211\322\136\246\142\153\143\317\133\236\232\214}{section.5}% 24
\BOOKMARK [2][-]{subsection.5.5}{\376\377\126\152\130\360\142\153\143\317\133\236\232\214}{section.5}% 25
\BOOKMARK [1][-]{section.6}{\376\377\116\377\167\037\145\271\154\325\213\250\213\272}{}% 26
\BOOKMARK [2][-]{subsection.6.1}{\376\377\200\124\124\010\151\202\163\207\142\275\150\067\145\271\154\325\166\204\116\015\215\263}{section.6}% 27
\BOOKMARK [2][-]{subsection.6.2}{\376\377\220\020\000\040\000s\000h\000o\000t\000\040\142\225\137\161\155\113\221\317\145\271\154\325\166\204\117\030\122\277}{section.6}% 28
\BOOKMARK [2][-]{subsection.6.3}{\376\377\137\123\122\115\145\271\154\325\166\204\134\100\226\120\140\047}{section.6}% 29
\BOOKMARK [1][-]{section.7}{\376\377\140\073\176\323}{}% 30
